00000000000i[     ] Bochs x86 Emulator 2.2.1
00000000000i[     ]   Build from CVS snapshot on July 8, 2005
00000000000i[     ] System configuration
00000000000i[     ]   processors: 1
00000000000i[     ]   A20 line support: yes
00000000000i[     ]   APIC support: no
00000000000i[     ] CPU configuration
00000000000i[     ]   level: 5
00000000000i[     ]   fpu support: yes
00000000000i[     ]   paging support: yes, tlb enabled: yes
00000000000i[     ]   mmx support: yes
00000000000i[     ]   sse support: no
00000000000i[     ]   v8086 mode support: yes
00000000000i[     ]   3dnow! support: no
00000000000i[     ]   PAE support: no
00000000000i[     ]   PGE support: no
00000000000i[     ]   PSE support: yes
00000000000i[     ]   x86-64 support: no
00000000000i[     ]   SEP support: no
00000000000i[     ] Optimization configuration
00000000000i[     ]   Guest2HostTLB support: no
00000000000i[     ]   RepeatSpeedups support: no
00000000000i[     ]   Icache support: no
00000000000i[     ]   Host Asm support: yes
00000000000i[     ]   Fast function calls: no
00000000000i[MEM0 ] allocated memory at 0x403a7008. after alignment, vector=0x403a8000
00000000000i[MEM0 ] 32.00MB
00000000000i[MEM0 ] rom at 0xf0000/65536 ('BIOS-bochs-latest')
00000000000i[MEM0 ] rom at 0xc0000/32768 ('VGABIOS-lgpl-latest')
00000000000i[CMOS ] Using local time for initial clock
00000000000i[CMOS ] Setting initial clock to: Sat Jul  1 09:24:58 2006 (time0=1151771098)
00000000000i[DMA  ] channel 4 used by cascade
00000000000i[DMA  ] channel 2 used by Floppy Drive
00000000000i[FDD  ] fd0: 'fd.img' ro=0, h=2,t=80,spt=18
00000000000i[PCI  ] 440FX Host bridge present at device 0, function 0
00000000000i[PCI  ] PIIX3 PCI-to-ISA bridge present at device 1, function 0
00000000000i[XGUI ] test_alloc_colors: 16 colors available out of 16 colors tried
00000000000i[XGUI ] font 8 wide x 16 high, display depth = 24
00000000000i[VGA  ] interval=300000
00000000000i[     ] init_mem of 'harddrv' plugin device by virtual method
00000000000i[     ] init_mem of 'keyboard' plugin device by virtual method
00000000000i[     ] init_mem of 'serial' plugin device by virtual method
00000000000i[     ] init_mem of 'parallel' plugin device by virtual method
00000000000i[     ] init_mem of 'extfpuirq' plugin device by virtual method
00000000000i[     ] init_mem of 'speaker' plugin device by virtual method
00000000000i[     ] init_mem of 'pci_ide' plugin device by virtual method
00000000000i[     ] init_dev of 'harddrv' plugin device by virtual method
00000000000i[HD   ] Using boot sequence floppy, none, none
00000000000i[HD   ] Floppy boot signature check is enabled
00000000000i[     ] init_dev of 'keyboard' plugin device by virtual method
00000000000i[KBD  ] will paste characters every 1000 keyboard ticks
00000000000i[     ] init_dev of 'serial' plugin device by virtual method
00000000000i[SER  ] com1 at 0x03f8 irq 4
00000000000i[     ] init_dev of 'parallel' plugin device by virtual method
00000000000i[PAR  ] parallel port 1 at 0x0378 irq 7
00000000000i[     ] init_dev of 'extfpuirq' plugin device by virtual method
00000000000i[     ] init_dev of 'speaker' plugin device by virtual method
00000000000i[SPEAK] Failed to open /dev/console: Success
00000000000i[SPEAK] Deactivating beep on console
00000000000i[     ] init_dev of 'pci_ide' plugin device by virtual method
00000000000i[PCI  ] PIIX3 PCI IDE controller present at device 1, function 1
00000000000i[     ] reset of 'harddrv' plugin device by virtual method
00000000000i[     ] reset of 'keyboard' plugin device by virtual method
00000000000i[     ] reset of 'serial' plugin device by virtual method
00000000000i[     ] reset of 'parallel' plugin device by virtual method
00000000000i[     ] reset of 'extfpuirq' plugin device by virtual method
00000000000i[     ] reset of 'speaker' plugin device by virtual method
00000000000i[     ] reset of 'pci_ide' plugin device by virtual method
00000000000i[XGUI ] [x] Mouse off
00000004447i[BIOS ]  rombios.c,v 1.138.2.1 2005/07/06 19:30:36 vruppert Exp $
00000318270i[KBD  ] reset-disable command received
00000420735i[VBIOS] VGABios $Id: vgabios.c,v 1.62 2005/07/02 18:39:43 vruppert Exp $
00000423742i[VBIOS] VBE Bios $Id: vbe.c,v 1.47 2005/05/24 16:50:50 vruppert Exp $
00000600000i[XGUI ] charmap update. Font Height is 16
00000694290e[HD   ] device set to 0 which does not exist
00000694583e[HD   ] device set to 1 which does not exist
00000772089i[FDD  ] partial read() on floppy image returns 108/512
00103884000p[XGUI ] >>PANIC<< POWER button turned off.
00103884000i[SYS  ] Last time is 1151771201
00103884000i[XGUI ] Exit.
00103884000i[CPU  ] protected mode
00103884000i[CPU  ] CS.d_b = 32 bit
00103884000i[CPU  ] SS.d_b = 32 bit
00103884000i[CPU  ] | EAX=00363c54  EBX=00000000  ECX=00000001  EDX=00202000
00103884000i[CPU  ] | ESP=00203ff4  EBP=00000000  ESI=00000000  EDI=00000000
00103884000i[CPU  ] | IOPL=0 NV UP DI PL NZ NA PO NC
00103884000i[CPU  ] | SEG selector     base    limit G D
00103884000i[CPU  ] | SEG sltr(index|ti|rpl)     base    limit G D
00103884000i[CPU  ] |  CS:0008( 0001| 0|  0) 00000000 00001fff 1 1
00103884000i[CPU  ] |  DS:0010( 0002| 0|  0) 00000000 00001fff 1 1
00103884000i[CPU  ] |  SS:0010( 0002| 0|  0) 00000000 00001fff 1 1
00103884000i[CPU  ] |  ES:0010( 0002| 0|  0) 00000000 00001fff 1 1
00103884000i[CPU  ] |  FS:0010( 0002| 0|  0) 00000000 00001fff 1 1
00103884000i[CPU  ] |  GS:0010( 0002| 0|  0) 00000000 00001fff 1 1
00103884000i[CPU  ] | EIP=001006a1 (001006a1)
00103884000i[CPU  ] | CR0=0x00000011 CR1=0 CR2=0x00000000
00103884000i[CPU  ] | CR3=0x00000000 CR4=0x00000000
00103884000i[     ] restoring default signal behavior
00103884000i[CTRL ] quit_sim called with exit code 1
